['11472']
129.65
['11472', '10350']
185.1
['11472', '10350', '13482']
207.45
['11472', '10350', '13482', '3055']
219.5
['11472', '10350', '13482', '3055', '9037']
237.1
['11472', '10350', '13482', '3055', '9037', '14547']
235.2
['11472', '10350', '13482', '3055', '9037', '14547', '18396']
235.9
['11472', '10350', '13482', '3055', '9037', '14547', '18396', '20231']
246.9
['11472', '10350', '13482', '3055', '9037', '14547', '18396', '20231', '22601']
253.4
['11472', '10350', '13482', '3055', '9037', '14547', '18396', '20231', '22601', '5901']
265.9